#
# A fatal error has been detected by the Java Runtime Environment:
#
#  EXCEPTION_ACCESS_VIOLATION (0xc0000005) at pc=0x0000000002dfa03a, pid=9948, tid=0x0000000000003fb4
#
# JRE version: Java(TM) SE Runtime Environment (8.0_161-b12) (build 1.8.0_161-b12)
# Java VM: Java HotSpot(TM) 64-Bit Server VM (25.161-b12 mixed mode windows-amd64 compressed oops)
# Problematic frame:
# v  ~BufferBlob::jni_fast_GetFloatField
#
# Failed to write core dump. Minidumps are not enabled by default on client versions of Windows
#
# If you would like to submit a bug report, please visit:
#   http://bugreport.java.com/bugreport/crash.jsp
# The crash happened outside the Java Virtual Machine in native code.
# See problematic frame for where to report the bug.
#

---------------  T H R E A D  ---------------

Current thread (0x000000001f248000):  JavaThread "jME3 Main" [_thread_in_native, id=16308, stack(0x000000001fa30000,0x000000001fb30000)]

siginfo: ExceptionCode=0xc0000005, reading address 0x0000000000000000

Registers:
RAX=0x0000000060213d50, RBX=0x000000002d251fc8, RCX=0x000000001f2481f8, RDX=0x0000000000000000
RSP=0x000000001fb2e848, RBP=0x000000001fb2e9b0, RSI=0x000000001bb90480, RDI=0x000000000028a108
R8 =0x0000000000000032, R9 =0x0000000000000000, R10=0x0000000000000030, R11=0x000000001fb2e7f0
R12=0x0000000000000000, R13=0x000000002d251fc8, R14=0x000000001fb2e9f0, R15=0x000000001f248000
RIP=0x0000000002dfa03a, EFLAGS=0x0000000000010246

Top of Stack: (sp=0x000000001fb2e848)
0x000000001fb2e848:   00007ff8265731a0 00007ff8265ff76a
0x000000001fb2e858:   000000001f248000 000000001e6f42e0
0x000000001fb2e868:   0000000000000000 000000001f248000
0x000000001fb2e878:   00007ff8265711e3 000000001f2481f8
0x000000001fb2e888:   0000000000000000 0000000000000032
0x000000001fb2e898:   000000005fb2b936 0000000042c80000
0x000000001fb2e8a8:   0000000000000000 00000000000003d8
0x000000001fb2e8b8:   00007ff82656e697 000000001f2481f8
0x000000001fb2e8c8:   0000000000000000 000000001fb2e8f0
0x000000001fb2e8d8:   000000001f248000 000000002c149270
0x000000001fb2e8e8:   0000000002da8ad7 0000000000000000
0x000000001fb2e8f8:   000000001f248000 0000000042c80000
0x000000001fb2e908:   0000000000000000 000000001fb2f248
0x000000001fb2e918:   0000000002da8c67 000000001f2481f8
0x000000001fb2e928:   000000001fb2e9f0 000000002c149270
0x000000001fb2e938:   000000001fb2e9d8 0000000000000000 

Instructions: (pc=0x0000000002dfa03a)
0x0000000002dfa01a:   00 00 00 00 00 00 44 8b 15 b1 74 48 5d 4c 8b ca
0x0000000002dfa02a:   41 f6 c2 01 0f 85 35 00 00 00 4d 33 ca 4d 33 ca
0x0000000002dfa03a:   4d 8b 09 4d 8b d8 49 c1 eb 02 c4 81 7a 10 04 19
0x0000000002dfa04a:   49 bb d8 14 28 60 00 00 00 00 c4 e1 f9 7e c0 4c 


Register to memory mapping:

RAX=0x0000000060213d50 is an unknown value
RBX={method} {0x000000002d251fd0} 'applyImpulse' '(JLcom/jme3/math/Vector3f;Lcom/jme3/math/Vector3f;)V' in 'com/jme3/bullet/objects/PhysicsRigidBody'
RCX=0x000000001f2481f8 is an unknown value
RDX=0x0000000000000000 is an unknown value
RSP=0x000000001fb2e848 is pointing into the stack for thread: 0x000000001f248000
RBP=0x000000001fb2e9b0 is pointing into the stack for thread: 0x000000001f248000
RSI={method} {0x000000001bb90488} '<init>' '()V' in 'java/lang/Object'
RDI=0x000000000028a108 is an unknown value
R8 =0x0000000000000032 is an unknown value
R9 =0x0000000000000000 is an unknown value
R10=0x0000000000000030 is an unknown value
R11=0x000000001fb2e7f0 is pointing into the stack for thread: 0x000000001f248000
R12=0x0000000000000000 is an unknown value
R13={method} {0x000000002d251fd0} 'applyImpulse' '(JLcom/jme3/math/Vector3f;Lcom/jme3/math/Vector3f;)V' in 'com/jme3/bullet/objects/PhysicsRigidBody'
R14=0x000000001fb2e9f0 is pointing into the stack for thread: 0x000000001f248000
R15=0x000000001f248000 is a thread


Stack: [0x000000001fa30000,0x000000001fb30000],  sp=0x000000001fb2e848,  free space=1018k
Native frames: (J=compiled Java code, j=interpreted, Vv=VM code, C=native code)
C  0x0000000002dfa03a

Java frames: (J=compiled Java code, j=interpreted, Vv=VM code)
j  com.jme3.bullet.objects.PhysicsRigidBody.applyImpulse(JLcom/jme3/math/Vector3f;Lcom/jme3/math/Vector3f;)V+0
j  com.jme3.bullet.objects.PhysicsRigidBody.applyImpulse(Lcom/jme3/math/Vector3f;Lcom/jme3/math/Vector3f;)V+7
j  za.co.bruynhuis.ld44.game.MyCharacterControl.applyImpact(F)V+37
j  za.co.bruynhuis.ld44.game.Player.hit(IF)V+194
j  za.co.bruynhuis.ld44.screens.PlayScreen$1.finishedAttack(I)V+42
J 2788 C1 za.co.bruynhuis.ld44.game.Player$2.controlUpdate(F)V (484 bytes) @ 0x000000000369abac [0x0000000003699d20+0xe8c]
J 2507 C2 com.jme3.scene.control.AbstractControl.update(F)V (14 bytes) @ 0x00000000034e82c8 [0x00000000034e8280+0x48]
J 2498 C2 com.jme3.scene.Node.updateLogicalState(F)V (55 bytes) @ 0x0000000003583f6c [0x0000000003583ea0+0xcc]
J 2498 C2 com.jme3.scene.Node.updateLogicalState(F)V (55 bytes) @ 0x000000000358401c [0x0000000003583ea0+0x17c]
J 2902 C1 com.jme3.app.SimpleApplication.update()V (235 bytes) @ 0x0000000003722bcc [0x0000000003722500+0x6cc]
J 2901 C1 com.jme3.system.lwjgl.LwjglAbstractDisplay.runLoop()V (141 bytes) @ 0x00000000037199d4 [0x0000000003719760+0x274]
J 2846 C1 com.jme3.system.lwjgl.LwjglDisplay.runLoop()V (108 bytes) @ 0x00000000036dc684 [0x00000000036d9c80+0x2a04]
j  com.jme3.system.lwjgl.LwjglAbstractDisplay.run()V+136
j  java.lang.Thread.run()V+11
v  ~StubRoutines::call_stub

---------------  P R O C E S S  ---------------

Java Threads: ( => current thread )
  0x000000001f792800 JavaThread "AWT-Windows" daemon [_thread_in_native, id=7376, stack(0x000000002d740000,0x000000002d840000)]
  0x000000001f7fa800 JavaThread "Java2D Disposer" daemon [_thread_blocked, id=7836, stack(0x000000002bd60000,0x000000002be60000)]
  0x000000001f4f7000 JavaThread "jME3 Audio Decoder" daemon [_thread_blocked, id=5692, stack(0x000000002bb20000,0x000000002bc20000)]
  0x000000001f4f2800 JavaThread "Thread-3" daemon [_thread_in_native, id=11116, stack(0x000000002b290000,0x000000002b390000)]
  0x0000000002c92800 JavaThread "DestroyJavaVM" [_thread_blocked, id=13324, stack(0x0000000002b90000,0x0000000002c90000)]
=>0x000000001f248000 JavaThread "jME3 Main" [_thread_in_native, id=16308, stack(0x000000001fa30000,0x000000001fb30000)]
  0x000000001e4b9000 JavaThread "Service Thread" daemon [_thread_blocked, id=5396, stack(0x000000001f030000,0x000000001f130000)]
  0x000000001e47b000 JavaThread "C1 CompilerThread3" daemon [_thread_blocked, id=12464, stack(0x000000001ef30000,0x000000001f030000)]
  0x000000001e475000 JavaThread "C2 CompilerThread2" daemon [_thread_blocked, id=2792, stack(0x000000001ee30000,0x000000001ef30000)]
  0x000000001e46f000 JavaThread "C2 CompilerThread1" daemon [_thread_blocked, id=5752, stack(0x000000001ed30000,0x000000001ee30000)]
  0x000000001e46c000 JavaThread "C2 CompilerThread0" daemon [_thread_blocked, id=4048, stack(0x000000001ec30000,0x000000001ed30000)]
  0x000000001e46a000 JavaThread "Attach Listener" daemon [_thread_blocked, id=5556, stack(0x000000001eb30000,0x000000001ec30000)]
  0x000000001e468800 JavaThread "Signal Dispatcher" daemon [_thread_blocked, id=5464, stack(0x000000001ea30000,0x000000001eb30000)]
  0x000000001e460800 JavaThread "Finalizer" daemon [_thread_blocked, id=7132, stack(0x000000001e840000,0x000000001e940000)]
  0x0000000002d88000 JavaThread "Reference Handler" daemon [_thread_blocked, id=11024, stack(0x000000001e340000,0x000000001e440000)]

Other Threads:
  0x000000001c579000 VMThread [stack: 0x000000001e240000,0x000000001e340000] [id=15580]
  0x000000001e4bc800 WatcherThread [stack: 0x000000001f130000,0x000000001f230000] [id=14436]

VM state:not at safepoint (normal execution)

VM Mutex/Monitor currently owned by a thread: None

Heap:
 PSYoungGen      total 75264K, used 13618K [0x000000076c800000, 0x0000000771c00000, 0x00000007c0000000)
  eden space 64512K, 21% used [0x000000076c800000,0x000000076d54cad0,0x0000000770700000)
  from space 10752K, 0% used [0x0000000770700000,0x0000000770700000,0x0000000771180000)
  to   space 10752K, 0% used [0x0000000771180000,0x0000000771180000,0x0000000771c00000)
 ParOldGen       total 172032K, used 11824K [0x00000006c5800000, 0x00000006d0000000, 0x000000076c800000)
  object space 172032K, 6% used [0x00000006c5800000,0x00000006c638c0b8,0x00000006d0000000)
 Metaspace       used 17194K, capacity 17509K, committed 17664K, reserved 1064960K
  class space    used 1676K, capacity 1747K, committed 1792K, reserved 1048576K

Card table byte_map: [0x0000000012150000,0x0000000012930000] byte_map_base: 0x000000000eb24000

Marking Bits: (ParMarkBitMap*) 0x000000006028f860
 Begin Bits: [0x0000000013670000, 0x0000000017510000)
 End Bits:   [0x0000000017510000, 0x000000001b3b0000)

Polling page: 0x0000000002a10000

CodeCache: size=245760Kb used=10139Kb max_used=10146Kb free=235620Kb
 bounds [0x0000000002d90000, 0x0000000003790000, 0x0000000011d90000]
 total_blobs=3627 nmethods=2960 adapters=579
 compilation: enabled

Compilation events (10 events):
Event: 13.613 Thread 0x000000001e46c000 nmethod 2955 0x00000000030dd350 code [0x00000000030dd480, 0x00000000030dd4b8]
Event: 13.613 Thread 0x000000001e47b000 nmethod 2957 0x0000000003779750 code [0x00000000037798a0, 0x0000000003779a10]
Event: 13.613 Thread 0x000000001e47b000 2961       3       com.jme3.math.Vector3f::lengthSquared (30 bytes)
Event: 13.613 Thread 0x000000001e47b000 nmethod 2961 0x00000000037793d0 code [0x0000000003779520, 0x00000000037796b0]
Event: 13.613 Thread 0x000000001e47b000 2959       3       java.util.Random::nextFloat (11 bytes)
Event: 13.614 Thread 0x000000001e47b000 nmethod 2959 0x000000000377f990 code [0x000000000377fb20, 0x000000000377fd48]
Event: 13.614 Thread 0x000000001e47b000 2960       3       java.util.Random::next (47 bytes)
Event: 13.614 Thread 0x000000001e47b000 nmethod 2960 0x000000000377f290 code [0x000000000377f400, 0x000000000377f810]
Event: 13.614 Thread 0x000000001e47b000 2958       3       com.jme3.math.FastMath::nextRandomFloat (7 bytes)
Event: 13.614 Thread 0x000000001e47b000 nmethod 2958 0x000000000377ed50 code [0x000000000377eee0, 0x000000000377f1c8]

GC Heap History (8 events):
Event: 1.850 GC heap before
{Heap before GC invocations=1 (full 0):
 PSYoungGen      total 75264K, used 64512K [0x000000076c800000, 0x0000000771c00000, 0x00000007c0000000)
  eden space 64512K, 100% used [0x000000076c800000,0x0000000770700000,0x0000000770700000)
  from space 10752K, 0% used [0x0000000771180000,0x0000000771180000,0x0000000771c00000)
  to   space 10752K, 0% used [0x0000000770700000,0x0000000770700000,0x0000000771180000)
 ParOldGen       total 172032K, used 0K [0x00000006c5800000, 0x00000006d0000000, 0x000000076c800000)
  object space 172032K, 0% used [0x00000006c5800000,0x00000006c5800000,0x00000006d0000000)
 Metaspace       used 14904K, capacity 15081K, committed 15488K, reserved 1062912K
  class space    used 1508K, capacity 1577K, committed 1664K, reserved 1048576K
Event: 1.861 GC heap after
Heap after GC invocations=1 (full 0):
 PSYoungGen      total 75264K, used 6720K [0x000000076c800000, 0x0000000771c00000, 0x00000007c0000000)
  eden space 64512K, 0% used [0x000000076c800000,0x000000076c800000,0x0000000770700000)
  from space 10752K, 62% used [0x0000000770700000,0x0000000770d903f8,0x0000000771180000)
  to   space 10752K, 0% used [0x0000000771180000,0x0000000771180000,0x0000000771c00000)
 ParOldGen       total 172032K, used 24K [0x00000006c5800000, 0x00000006d0000000, 0x000000076c800000)
  object space 172032K, 0% used [0x00000006c5800000,0x00000006c5806000,0x00000006d0000000)
 Metaspace       used 14904K, capacity 15081K, committed 15488K, reserved 1062912K
  class space    used 1508K, capacity 1577K, committed 1664K, reserved 1048576K
}
Event: 2.347 GC heap before
{Heap before GC invocations=2 (full 0):
 PSYoungGen      total 75264K, used 71232K [0x000000076c800000, 0x0000000771c00000, 0x00000007c0000000)
  eden space 64512K, 100% used [0x000000076c800000,0x0000000770700000,0x0000000770700000)
  from space 10752K, 62% used [0x0000000770700000,0x0000000770d903f8,0x0000000771180000)
  to   space 10752K, 0% used [0x0000000771180000,0x0000000771180000,0x0000000771c00000)
 ParOldGen       total 172032K, used 24K [0x00000006c5800000, 0x00000006d0000000, 0x000000076c800000)
  object space 172032K, 0% used [0x00000006c5800000,0x00000006c5806000,0x00000006d0000000)
 Metaspace       used 16312K, capacity 16577K, committed 16896K, reserved 1064960K
  class space    used 1648K, capacity 1741K, committed 1792K, reserved 1048576K
Event: 2.354 GC heap after
Heap after GC invocations=2 (full 0):
 PSYoungGen      total 75264K, used 10093K [0x000000076c800000, 0x0000000771c00000, 0x00000007c0000000)
  eden space 64512K, 0% used [0x000000076c800000,0x000000076c800000,0x0000000770700000)
  from space 10752K, 93% used [0x0000000771180000,0x0000000771b5b788,0x0000000771c00000)
  to   space 10752K, 0% used [0x0000000770700000,0x0000000770700000,0x0000000771180000)
 ParOldGen       total 172032K, used 32K [0x00000006c5800000, 0x00000006d0000000, 0x000000076c800000)
  object space 172032K, 0% used [0x00000006c5800000,0x00000006c5808000,0x00000006d0000000)
 Metaspace       used 16312K, capacity 16577K, committed 16896K, reserved 1064960K
  class space    used 1648K, capacity 1741K, committed 1792K, reserved 1048576K
}
Event: 7.106 GC heap before
{Heap before GC invocations=3 (full 0):
 PSYoungGen      total 75264K, used 17722K [0x000000076c800000, 0x0000000771c00000, 0x00000007c0000000)
  eden space 64512K, 11% used [0x000000076c800000,0x000000076cf732e8,0x0000000770700000)
  from space 10752K, 93% used [0x0000000771180000,0x0000000771b5b788,0x0000000771c00000)
  to   space 10752K, 0% used [0x0000000770700000,0x0000000770700000,0x0000000771180000)
 ParOldGen       total 172032K, used 32K [0x00000006c5800000, 0x00000006d0000000, 0x000000076c800000)
  object space 172032K, 0% used [0x00000006c5800000,0x00000006c5808000,0x00000006d0000000)
 Metaspace       used 16942K, capacity 17223K, committed 17408K, reserved 1064960K
  class space    used 1665K, capacity 1742K, committed 1792K, reserved 1048576K
Event: 7.112 GC heap after
Heap after GC invocations=3 (full 0):
 PSYoungGen      total 75264K, used 10742K [0x000000076c800000, 0x0000000771c00000, 0x00000007c0000000)
  eden space 64512K, 0% used [0x000000076c800000,0x000000076c800000,0x0000000770700000)
  from space 10752K, 99% used [0x0000000770700000,0x000000077117dad8,0x0000000771180000)
  to   space 10752K, 0% used [0x0000000771180000,0x0000000771180000,0x0000000771c00000)
 ParOldGen       total 172032K, used 1456K [0x00000006c5800000, 0x00000006d0000000, 0x000000076c800000)
  object space 172032K, 0% used [0x00000006c5800000,0x00000006c596c0b0,0x00000006d0000000)
 Metaspace       used 16942K, capacity 17223K, committed 17408K, reserved 1064960K
  class space    used 1665K, capacity 1742K, committed 1792K, reserved 1048576K
}
Event: 7.112 GC heap before
{Heap before GC invocations=4 (full 1):
 PSYoungGen      total 75264K, used 10742K [0x000000076c800000, 0x0000000771c00000, 0x00000007c0000000)
  eden space 64512K, 0% used [0x000000076c800000,0x000000076c800000,0x0000000770700000)
  from space 10752K, 99% used [0x0000000770700000,0x000000077117dad8,0x0000000771180000)
  to   space 10752K, 0% used [0x0000000771180000,0x0000000771180000,0x0000000771c00000)
 ParOldGen       total 172032K, used 1456K [0x00000006c5800000, 0x00000006d0000000, 0x000000076c800000)
  object space 172032K, 0% used [0x00000006c5800000,0x00000006c596c0b0,0x00000006d0000000)
 Metaspace       used 16942K, capacity 17223K, committed 17408K, reserved 1064960K
  class space    used 1665K, capacity 1742K, committed 1792K, reserved 1048576K
Event: 7.149 GC heap after
Heap after GC invocations=4 (full 1):
 PSYoungGen      total 75264K, used 0K [0x000000076c800000, 0x0000000771c00000, 0x00000007c0000000)
  eden space 64512K, 0% used [0x000000076c800000,0x000000076c800000,0x0000000770700000)
  from space 10752K, 0% used [0x0000000770700000,0x0000000770700000,0x0000000771180000)
  to   space 10752K, 0% used [0x0000000771180000,0x0000000771180000,0x0000000771c00000)
 ParOldGen       total 172032K, used 11824K [0x00000006c5800000, 0x00000006d0000000, 0x000000076c800000)
  object space 172032K, 6% used [0x00000006c5800000,0x00000006c638c0b8,0x00000006d0000000)
 Metaspace       used 16942K, capacity 17223K, committed 17408K, reserved 1064960K
  class space    used 1665K, capacity 1742K, committed 1792K, reserved 1048576K
}

Deoptimization events (10 events):
Event: 9.373 Thread 0x000000001f248000 Uncommon trap: reason=unstable_if action=reinterpret pc=0x00000000035e9844 method=com.jme3.animation.Bone.blendAnimTransforms(Lcom/jme3/math/Vector3f;Lcom/jme3/math/Quaternion;Lcom/jme3/math/Vector3f;F)V @ 22
Event: 11.226 Thread 0x000000001f248000 Uncommon trap: reason=predicate action=maybe_recompile pc=0x00000000037303a8 method=com.jme3.util.ListSort.reverseArray([Ljava/lang/Object;II)V @ 8
Event: 11.407 Thread 0x000000001f248000 Uncommon trap: reason=unstable_if action=reinterpret pc=0x000000000370c1e4 method=com.jme3.math.Quaternion.nlerp(Lcom/jme3/math/Quaternion;F)V @ 14
Event: 11.576 Thread 0x000000001f248000 Uncommon trap: reason=array_check action=maybe_recompile pc=0x0000000003742c90 method=com.jme3.util.ListSort.reverseArray([Ljava/lang/Object;II)V @ 17
Event: 11.592 Thread 0x000000001f248000 Uncommon trap: reason=array_check action=maybe_recompile pc=0x0000000003742c90 method=com.jme3.util.ListSort.reverseArray([Ljava/lang/Object;II)V @ 17
Event: 11.609 Thread 0x000000001f248000 Uncommon trap: reason=array_check action=maybe_recompile pc=0x0000000003742c90 method=com.jme3.util.ListSort.reverseArray([Ljava/lang/Object;II)V @ 17
Event: 11.626 Thread 0x000000001f248000 Uncommon trap: reason=array_check action=maybe_recompile pc=0x0000000003742c90 method=com.jme3.util.ListSort.reverseArray([Ljava/lang/Object;II)V @ 17
Event: 11.776 Thread 0x000000001f248000 Uncommon trap: reason=array_check action=maybe_recompile pc=0x0000000003751748 method=com.jme3.util.ListSort.reverseArray([Ljava/lang/Object;II)V @ 21
Event: 11.792 Thread 0x000000001f248000 Uncommon trap: reason=array_check action=maybe_recompile pc=0x0000000003751748 method=com.jme3.util.ListSort.reverseArray([Ljava/lang/Object;II)V @ 21
Event: 12.243 Thread 0x000000001f248000 Uncommon trap: reason=unstable_if action=reinterpret pc=0x000000000374d3f8 method=com.jme3.animation.BoneTrack.setTime(FFLcom/jme3/animation/AnimControl;Lcom/jme3/animation/AnimChannel;Lcom/jme3/util/TempVars;)V @ 152

Classes redefined (0 events):
No events

Internal exceptions (10 events):
Event: 1.613 Thread 0x000000001f248000 Exception <a 'java/lang/NoSuchMethodError': <clinit>> (0x000000076f9282a0) thrown at [C:\re\workspace\8-2-build-windows-amd64-cygwin\jdk8u161\10277\hotspot\src\share\vm\prims\jni.cpp, line 1613]
Event: 2.435 Thread 0x000000001f248000 Implicit null exception at 0x000000000333f64c to 0x000000000333f69d
Event: 7.292 Thread 0x000000001f248000 Implicit null exception at 0x00000000034deee0 to 0x00000000034df96d
Event: 7.292 Thread 0x000000001f248000 Implicit null exception at 0x00000000034a86a6 to 0x00000000034a88cd
Event: 7.292 Thread 0x000000001f248000 Implicit null exception at 0x000000000354cbb9 to 0x0000000003554e71
Event: 8.562 Thread 0x000000001f248000 Implicit null exception at 0x000000000351de7d to 0x000000000351f204
Event: 8.564 Thread 0x000000001f248000 Implicit null exception at 0x000000000348ea5c to 0x00000000034904f5
Event: 8.564 Thread 0x000000001f248000 Implicit null exception at 0x00000000036a362f to 0x00000000036a3c1a
Event: 8.575 Thread 0x000000001f248000 Implicit null exception at 0x0000000003489517 to 0x000000000348987f
Event: 13.614 Thread 0x000000001f248000 Exception <a 'java/lang/NullPointerException': > (0x000000076d456de8) thrown at [C:\re\workspace\8-2-build-windows-amd64-cygwin\jdk8u161\10277\hotspot\src\share\vm\prims\jni.cpp, line 735]

Events (10 events):
Event: 11.792 Thread 0x000000001f248000 DEOPT UNPACKING pc=0x0000000002dd583b sp=0x000000001fb2e818 mode 2
Event: 12.243 Thread 0x000000001f248000 Uncommon trap: trap_request=0xffffff65 fr.pc=0x000000000374d3f8
Event: 12.243 Thread 0x000000001f248000 DEOPT PACKING pc=0x000000000374d3f8 sp=0x000000001fb2ea80
Event: 12.243 Thread 0x000000001f248000 DEOPT UNPACKING pc=0x0000000002dd583b sp=0x000000001fb2e9d0 mode 2
Event: 13.611 loading class com/bruynhuis/galago/control/SpatialLifeControl
Event: 13.611 loading class com/bruynhuis/galago/control/SpatialLifeControl done
Event: 13.612 loading class com/bruynhuis/galago/sprite/AnimatedSprite
Event: 13.612 loading class com/bruynhuis/galago/sprite/AnimatedSprite done
Event: 13.614 loading class com/bruynhuis/galago/util/Debug
Event: 13.614 loading class com/bruynhuis/galago/util/Debug done


Dynamic libraries:
0x00007ff73b510000 - 0x00007ff73b547000 	C:\Program Files\Java\jdk1.8.0_161\bin\java.exe
0x00007ff8463b0000 - 0x00007ff846591000 	C:\WINDOWS\SYSTEM32\ntdll.dll
0x00007ff843840000 - 0x00007ff8438f1000 	C:\WINDOWS\System32\KERNEL32.DLL
0x00007ff842aa0000 - 0x00007ff842d13000 	C:\WINDOWS\System32\KERNELBASE.dll
0x00007ff845cf0000 - 0x00007ff845d91000 	C:\WINDOWS\System32\ADVAPI32.dll
0x00007ff845340000 - 0x00007ff8453de000 	C:\WINDOWS\System32\msvcrt.dll
0x00007ff845e00000 - 0x00007ff845e5b000 	C:\WINDOWS\System32\sechost.dll
0x00007ff845bc0000 - 0x00007ff845ce4000 	C:\WINDOWS\System32\RPCRT4.dll
0x00007ff845e60000 - 0x00007ff845ff0000 	C:\WINDOWS\System32\USER32.dll
0x00007ff842780000 - 0x00007ff8427a0000 	C:\WINDOWS\System32\win32u.dll
0x00007ff845410000 - 0x00007ff845438000 	C:\WINDOWS\System32\GDI32.dll
0x00007ff842900000 - 0x00007ff842a92000 	C:\WINDOWS\System32\gdi32full.dll
0x00007ff8435b0000 - 0x00007ff84364f000 	C:\WINDOWS\System32\msvcp_win.dll
0x00007ff8434b0000 - 0x00007ff8435a8000 	C:\WINDOWS\System32\ucrtbase.dll
0x00007ff8415f0000 - 0x00007ff841859000 	C:\WINDOWS\WinSxS\amd64_microsoft.windows.common-controls_6595b64144ccf1df_6.0.17134.706_none_fb43a2cb30647007\COMCTL32.dll
0x00007ff845890000 - 0x00007ff845bb2000 	C:\WINDOWS\System32\combase.dll
0x00007ff842d20000 - 0x00007ff842d9a000 	C:\WINDOWS\System32\bcryptPrimitives.dll
0x00007ff8453e0000 - 0x00007ff84540d000 	C:\WINDOWS\System32\IMM32.DLL
0x0000000060310000 - 0x00000000603e2000 	C:\Program Files\Java\jdk1.8.0_161\jre\bin\msvcr100.dll
0x000000005fa70000 - 0x000000006030f000 	C:\Program Files\Java\jdk1.8.0_161\jre\bin\server\jvm.dll
0x00007ff845320000 - 0x00007ff845328000 	C:\WINDOWS\System32\PSAPI.DLL
0x00007ff836b10000 - 0x00007ff836b19000 	C:\WINDOWS\SYSTEM32\WSOCK32.dll
0x00007ff838c90000 - 0x00007ff838cb3000 	C:\WINDOWS\SYSTEM32\WINMM.dll
0x00007ff83c4b0000 - 0x00007ff83c4ba000 	C:\WINDOWS\SYSTEM32\VERSION.dll
0x00007ff846250000 - 0x00007ff8462bc000 	C:\WINDOWS\System32\WS2_32.dll
0x00007ff8389c0000 - 0x00007ff8389ea000 	C:\WINDOWS\SYSTEM32\winmmbase.dll
0x00007ff8427a0000 - 0x00007ff8427e9000 	C:\WINDOWS\System32\cfgmgr32.dll
0x000000005fa20000 - 0x000000005fa2f000 	C:\Program Files\Java\jdk1.8.0_161\jre\bin\verify.dll
0x000000005f9f0000 - 0x000000005fa19000 	C:\Program Files\Java\jdk1.8.0_161\jre\bin\java.dll
0x000000005f9d0000 - 0x000000005f9e6000 	C:\Program Files\Java\jdk1.8.0_161\jre\bin\zip.dll
0x00007ff843a30000 - 0x00007ff844e70000 	C:\WINDOWS\System32\SHELL32.dll
0x00007ff8462c0000 - 0x00007ff846369000 	C:\WINDOWS\System32\shcore.dll
0x00007ff842da0000 - 0x00007ff8434ad000 	C:\WINDOWS\System32\windows.storage.dll
0x00007ff8452c0000 - 0x00007ff845311000 	C:\WINDOWS\System32\shlwapi.dll
0x00007ff842760000 - 0x00007ff842771000 	C:\WINDOWS\System32\kernel.appcore.dll
0x00007ff8426d0000 - 0x00007ff8426ef000 	C:\WINDOWS\System32\profapi.dll
0x00007ff8426f0000 - 0x00007ff84273c000 	C:\WINDOWS\System32\powrprof.dll
0x00007ff8426c0000 - 0x00007ff8426ca000 	C:\WINDOWS\System32\FLTLIB.DLL
0x00007ff826470000 - 0x00007ff826642000 	C:\gitwork\LudumDare44\LD44Game\bulletjme.dll
0x0000000180000000 - 0x0000000180064000 	C:\gitwork\LudumDare44\LD44Game\OpenAL64.dll
0x00007ff845440000 - 0x00007ff845591000 	C:\WINDOWS\System32\ole32.dll
0x0000000002b00000 - 0x0000000002b16000 	C:\gitwork\LudumDare44\LD44Game\jinput-dx8_64.dll
0x00007ff836030000 - 0x00007ff836073000 	C:\WINDOWS\SYSTEM32\DINPUT8.dll
0x00007ff82d6c0000 - 0x00007ff82d739000 	C:\WINDOWS\SYSTEM32\inputhost.dll
0x00007ff83e870000 - 0x00007ff83e9bd000 	C:\WINDOWS\SYSTEM32\wintypes.dll
0x00007ff840490000 - 0x00007ff84056a000 	C:\WINDOWS\SYSTEM32\CoreMessaging.dll
0x00007ff82d290000 - 0x00007ff82d5ae000 	C:\WINDOWS\SYSTEM32\CoreUIComponents.dll
0x00007ff841270000 - 0x00007ff8412a1000 	C:\WINDOWS\SYSTEM32\ntmarta.dll
0x0000000020590000 - 0x00000000205e3000 	C:\gitwork\LudumDare44\LD44Game\lwjgl64.dll
0x00007ff834500000 - 0x00007ff834620000 	C:\WINDOWS\SYSTEM32\OPENGL32.dll
0x00007ff833f60000 - 0x00007ff833f8c000 	C:\WINDOWS\SYSTEM32\GLU32.dll
0x00007ff840920000 - 0x00007ff8409b8000 	C:\WINDOWS\system32\uxtheme.dll
0x00007ff8455a0000 - 0x00007ff845713000 	C:\WINDOWS\System32\MSCTF.dll
0x00007ff843900000 - 0x00007ff8439c2000 	C:\WINDOWS\System32\OLEAUT32.dll
0x00007ff840aa0000 - 0x00007ff840ac9000 	C:\WINDOWS\system32\dwmapi.dll
0x00007ffff7710000 - 0x00007ffff85fe000 	C:\WINDOWS\System32\DriverStore\FileRepository\ki 129523.inf_amd64_32947eecf8f3e231\ig9icd64.dll
0x00007ff841330000 - 0x00007ff8413eb000 	C:\WINDOWS\SYSTEM32\dxgi.dll
0x00007ff82d620000 - 0x00007ff82d6b6000 	C:\WINDOWS\System32\TextInputFramework.dll
0x00007ff82be50000 - 0x00007ff82bef8000 	C:\WINDOWS\SYSTEM32\mscms.dll
0x00007ff8425c0000 - 0x00007ff8425e8000 	C:\WINDOWS\SYSTEM32\USERENV.dll
0x00007ff82be40000 - 0x00007ff82be50000 	C:\WINDOWS\SYSTEM32\ColorAdapterClient.dll
0x00007ff833870000 - 0x00007ff8338b3000 	C:\WINDOWS\SYSTEM32\icm32.dll
0x00007ff8288c0000 - 0x00007ff82a7c1000 	C:\WINDOWS\System32\DriverStore\FileRepository\ki 129523.inf_amd64_32947eecf8f3e231\igc64.dll
0x000000005f7f0000 - 0x000000005f988000 	C:\Program Files\Java\jdk1.8.0_161\jre\bin\awt.dll
0x00007ff840690000 - 0x00007ff84071b000 	C:\WINDOWS\SYSTEM32\apphelp.dll
0x00007ff841040000 - 0x00007ff84104c000 	C:\WINDOWS\SYSTEM32\HID.DLL
0x00007ff844e70000 - 0x00007ff8452bb000 	C:\WINDOWS\System32\SETUPAPI.DLL
0x00007ff8424d0000 - 0x00007ff8424f7000 	C:\WINDOWS\SYSTEM32\DEVOBJ.dll
0x00007ff8428a0000 - 0x00007ff8428f7000 	C:\WINDOWS\System32\WINTRUST.dll
0x00007ff842740000 - 0x00007ff842752000 	C:\WINDOWS\System32\MSASN1.dll
0x00007ff843650000 - 0x00007ff843832000 	C:\WINDOWS\System32\CRYPT32.dll
0x000000002b210000 - 0x000000002b224000 	C:\gitwork\LudumDare44\LD44Game\jinput-raw_64.dll
0x00007ff8461b0000 - 0x00007ff846250000 	C:\WINDOWS\System32\clbcatq.dll
0x00007ff83b7d0000 - 0x00007ff83b846000 	C:\WINDOWS\System32\MMDevApi.dll
0x00007ff83c010000 - 0x00007ff83c1c4000 	C:\WINDOWS\System32\PROPSYS.dll
0x00007ff811bc0000 - 0x00007ff811c4f000 	C:\WINDOWS\SYSTEM32\dsound.dll
0x00007ff838ce0000 - 0x00007ff838e0c000 	C:\WINDOWS\SYSTEM32\AUDIOSES.DLL
0x00007ff83e690000 - 0x00007ff83e69a000 	C:\WINDOWS\SYSTEM32\AVRT.dll
0x00007ff842090000 - 0x00007ff8420a7000 	C:\WINDOWS\SYSTEM32\CRYPTSP.dll
0x00007ff841ac0000 - 0x00007ff841af3000 	C:\WINDOWS\system32\rsaenh.dll
0x00007ff8421c0000 - 0x00007ff8421e5000 	C:\WINDOWS\SYSTEM32\bcrypt.dll
0x00007ff8420b0000 - 0x00007ff8420bb000 	C:\WINDOWS\SYSTEM32\CRYPTBASE.dll
0x000000005f9b0000 - 0x000000005f9ca000 	C:\Program Files\Java\jdk1.8.0_161\jre\bin\net.dll
0x00007ff841ee0000 - 0x00007ff841f46000 	C:\WINDOWS\system32\mswsock.dll
0x00007ff841c60000 - 0x00007ff841c98000 	C:\WINDOWS\SYSTEM32\IPHLPAPI.DLL
0x00007ff845330000 - 0x00007ff845338000 	C:\WINDOWS\System32\NSI.dll
0x00007ff83ed90000 - 0x00007ff83eda6000 	C:\WINDOWS\SYSTEM32\dhcpcsvc6.DLL
0x00007ff83ed70000 - 0x00007ff83ed8a000 	C:\WINDOWS\SYSTEM32\dhcpcsvc.DLL
0x000000005f990000 - 0x000000005f9a1000 	C:\Program Files\Java\jdk1.8.0_161\jre\bin\nio.dll
0x000000005f7a0000 - 0x000000005f7e7000 	C:\Program Files\Java\jdk1.8.0_161\jre\bin\fontmanager.dll
0x000000005f750000 - 0x000000005f792000 	C:\Program Files\Java\jdk1.8.0_161\jre\bin\t2k.dll
0x000000005f720000 - 0x000000005f74a000 	C:\Program Files\Java\jdk1.8.0_161\jre\bin\dcpr.dll
0x00007ff839690000 - 0x00007ff839859000 	C:\WINDOWS\SYSTEM32\dbghelp.dll

VM Arguments:
jvm_args: -Dfile.encoding=UTF-8 
java_command: za.co.bruynhuis.ld44.MainApplication
java_class_path (initial): C:\Backups\Development\jME3.2\jME3.2.3-stable\lib\j-ogg-all.jar;C:\Backups\Development\jME3.2\jME3.2.3-stable\lib\jme3-jogg.jar;C:\Backups\Development\jME3.2\jME3.2.3-stable\lib\jme3-networking.jar;C:\Backups\Development\jME3.2\jME3.2.3-stable\lib\gson.jar;C:\Backups\Development\jME3.2\jME3.2.3-stable\lib\jme3-plugins.jar;C:\Backups\Development\jME3.2\jME3.2.3-stable\lib\jme3-core.jar;C:\Backups\Development\jME3.2\jME3.2.3-stable\lib\jme3-desktop.jar;C:\Backups\Development\jME3.2\jME3.2.3-stable\lib\jinput-platform-natives-linux.jar;C:\Backups\Development\jME3.2\jME3.2.3-stable\lib\jinput-platform-natives-osx.jar;C:\Backups\Development\jME3.2\jME3.2.3-stable\lib\jinput-platform-natives-windows.jar;C:\Backups\Development\jME3.2\jME3.2.3-stable\lib\jinput.jar;C:\Backups\Development\jME3.2\jME3.2.3-stable\lib\jme3-lwjgl.jar;C:\Backups\Development\jME3.2\jME3.2.3-stable\lib\jutils.jar;C:\Backups\Development\jME3.2\jME3.2.3-stable\lib\lwjgl-platform-natives-linux.jar;C:\Backups\Development\jME3.2\jME3.2.3-stable\lib\lwjgl-platform-natives-osx.jar;C:\Backups\Development\jME3.2\jME3.2.3-stable\lib\lwjgl-platform-natives-windows.jar;C:\Backups\Development\jME3.2\jME3.2.3-stable\lib\lwjgl.jar;C:\Backups\Development\jME3.2\jME3.2.3-stable\lib\jme3-effects.jar;C:\Backups\Development\jME3.2\jME3.2.3-stable\lib\jme3-terrain.jar;C:\Backups\Development\jME3.2\jME3.2.3-stable\opt\native-bullet\jme3-bullet.jar;C:\Backups\Development\jME3.2\jME3.2.3-stable\opt\native-bullet\jme3-bullet-native.jar;C:\gitwork\galago\Galago\build\classes;C:\gitwork\galago\Galago\libs\tween-engine-api.jar;C:\gitwork\LudumDare44\LD44Game\build\classes;C:\gitwork\LudumDare44\LD44Game\assets
Launcher Type: SUN_STANDARD

Environment Variables:
JAVA_HOME=C:\Program Files\Java\jdk1.8.0_161
PATH=C:\Program Files (x86)\Common Files\Oracle\Java\javapath;C:\ProgramData\Oracle\Java\javapath;C:\WINDOWS\system32;C:\WINDOWS;C:\WINDOWS\System32\Wbem;C:\WINDOWS\System32\WindowsPowerShell\v1.0\;C:\Program Files\Git\cmd;C:\Program Files\nodejs\;C:\ProgramData\chocolatey\bin;C:\Program Files\PuTTY\;C:\Program Files\dotnet\;C:\WINDOWS\System32\OpenSSH\;C:\Users\nidebruyn\AppData\Local\Microsoft\WindowsApps;C:\Users\nidebruyn\AppData\Local\atom\bin;C:\Users\nidebruyn\AppData\Local\GitHubDesktop\bin;C:\Users\nidebruyn\AppData\Roaming\npm;C:\Users\nidebruyn\AppData\Local\Microsoft\WindowsApps;;C:\Program Files\Microsoft VS Code\bin
USERNAME=NideBruyn
OS=Windows_NT
PROCESSOR_IDENTIFIER=Intel64 Family 6 Model 158 Stepping 9, GenuineIntel



---------------  S Y S T E M  ---------------

OS: Windows 10.0 , 64 bit Build 17134 (10.0.17134.706)

CPU:total 8 (initial active 8) (4 cores per cpu, 2 threads per core) family 6 model 158 stepping 9, cmov, cx8, fxsr, mmx, sse, sse2, sse3, ssse3, sse4.1, sse4.2, popcnt, avx, avx2, aes, clmul, erms, rtm, 3dnowpref, lzcnt, ht, tsc, tscinvbit, bmi1, bmi2, adx

Memory: 4k page, physical 16409216k(9465768k free), swap 18899584k(11179004k free)

vm_info: Java HotSpot(TM) 64-Bit Server VM (25.161-b12) for windows-amd64 JRE (1.8.0_161-b12), built on Dec 19 2017 17:52:25 by "java_re" with MS VC++ 10.0 (VS2010)

time: Mon Apr 29 18:14:39 2019
elapsed time: 13 seconds (0d 0h 0m 13s)

