#
# A fatal error has been detected by the Java Runtime Environment:
#
#  EXCEPTION_ACCESS_VIOLATION (0xc0000005) at pc=0x0000000002d4a03a, pid=4868, tid=0x0000000000001abc
#
# JRE version: Java(TM) SE Runtime Environment (8.0_161-b12) (build 1.8.0_161-b12)
# Java VM: Java HotSpot(TM) 64-Bit Server VM (25.161-b12 mixed mode windows-amd64 compressed oops)
# Problematic frame:
# v  ~BufferBlob::jni_fast_GetFloatField
#
# Failed to write core dump. Minidumps are not enabled by default on client versions of Windows
#
# If you would like to submit a bug report, please visit:
#   http://bugreport.java.com/bugreport/crash.jsp
# The crash happened outside the Java Virtual Machine in native code.
# See problematic frame for where to report the bug.
#

---------------  T H R E A D  ---------------

Current thread (0x000000001f26f000):  JavaThread "jME3 Main" [_thread_in_native, id=6844, stack(0x000000001f9f0000,0x000000001faf0000)]

siginfo: ExceptionCode=0xc0000005, reading address 0x0000000000000000

Registers:
RAX=0x0000000060213d50, RBX=0x000000002cef1b50, RCX=0x000000001f26f1f8, RDX=0x0000000000000000
RSP=0x000000001faee9d8, RBP=0x000000001faeeb40, RSI=0x000000001bb30480, RDI=0x0000000000279730
R8 =0x0000000000000032, R9 =0x0000000000000000, R10=0x0000000000000026, R11=0x000000001faee980
R12=0x0000000000000000, R13=0x000000002cef1b50, R14=0x000000001faeeb80, R15=0x000000001f26f000
RIP=0x0000000002d4a03a, EFLAGS=0x0000000000010246

Top of Stack: (sp=0x000000001faee9d8)
0x000000001faee9d8:   00007ff8265731a0 00007ff8265ff76a
0x000000001faee9e8:   000000001f26f000 000000001e6c08e0
0x000000001faee9f8:   0000000000000000 000000001f26f000
0x000000001faeea08:   00007ff8265711e3 000000001f26f1f8
0x000000001faeea18:   0000000000000000 0000000000000032
0x000000001faeea28:   000000005fb2b936 0000000042c80000
0x000000001faeea38:   0000000000000000 00000000000003d8
0x000000001faeea48:   00007ff82656e697 000000001f26f1f8
0x000000001faeea58:   0000000000000000 000000001faeea80
0x000000001faeea68:   000000001f26f000 000000002d4abfd0
0x000000001faeea78:   0000000002cf8ad7 0000000000000000
0x000000001faeea88:   000000001f26f000 0000000042c80000
0x000000001faeea98:   0000000000000000 000000001faef2d8
0x000000001faeeaa8:   0000000002cf8c67 000000001f26f1f8
0x000000001faeeab8:   000000001faeeb80 000000002d4abfd0
0x000000001faeeac8:   000000001faeeb68 0000000000000000 

Instructions: (pc=0x0000000002d4a03a)
0x0000000002d4a01a:   00 00 00 00 00 00 44 8b 15 b1 74 53 5d 4c 8b ca
0x0000000002d4a02a:   41 f6 c2 01 0f 85 35 00 00 00 4d 33 ca 4d 33 ca
0x0000000002d4a03a:   4d 8b 09 4d 8b d8 49 c1 eb 02 c4 81 7a 10 04 19
0x0000000002d4a04a:   49 bb d8 14 28 60 00 00 00 00 c4 e1 f9 7e c0 4c 


Register to memory mapping:

RAX=0x0000000060213d50 is an unknown value
RBX={method} {0x000000002cef1b58} 'applyImpulse' '(JLcom/jme3/math/Vector3f;Lcom/jme3/math/Vector3f;)V' in 'com/jme3/bullet/objects/PhysicsRigidBody'
RCX=0x000000001f26f1f8 is an unknown value
RDX=0x0000000000000000 is an unknown value
RSP=0x000000001faee9d8 is pointing into the stack for thread: 0x000000001f26f000
RBP=0x000000001faeeb40 is pointing into the stack for thread: 0x000000001f26f000
RSI={method} {0x000000001bb30488} '<init>' '()V' in 'java/lang/Object'
RDI=0x0000000000279730 is an unknown value
R8 =0x0000000000000032 is an unknown value
R9 =0x0000000000000000 is an unknown value
R10=0x0000000000000026 is an unknown value
R11=0x000000001faee980 is pointing into the stack for thread: 0x000000001f26f000
R12=0x0000000000000000 is an unknown value
R13={method} {0x000000002cef1b58} 'applyImpulse' '(JLcom/jme3/math/Vector3f;Lcom/jme3/math/Vector3f;)V' in 'com/jme3/bullet/objects/PhysicsRigidBody'
R14=0x000000001faeeb80 is pointing into the stack for thread: 0x000000001f26f000
R15=0x000000001f26f000 is a thread


Stack: [0x000000001f9f0000,0x000000001faf0000],  sp=0x000000001faee9d8,  free space=1018k
Native frames: (J=compiled Java code, j=interpreted, Vv=VM code, C=native code)
C  0x0000000002d4a03a

Java frames: (J=compiled Java code, j=interpreted, Vv=VM code)
j  com.jme3.bullet.objects.PhysicsRigidBody.applyImpulse(JLcom/jme3/math/Vector3f;Lcom/jme3/math/Vector3f;)V+0
j  com.jme3.bullet.objects.PhysicsRigidBody.applyImpulse(Lcom/jme3/math/Vector3f;Lcom/jme3/math/Vector3f;)V+7
j  za.co.bruynhuis.ld44.game.MyCharacterControl.applyImpact(F)V+37
j  za.co.bruynhuis.ld44.game.Player.hit(IF)V+194
j  za.co.bruynhuis.ld44.screens.PlayScreen$1.finishedAttack(I)V+42
J 2725 C1 za.co.bruynhuis.ld44.game.Player$2.controlUpdate(F)V (484 bytes) @ 0x00000000035a2eec [0x00000000035a2060+0xe8c]
J 2636 C2 com.jme3.scene.control.AbstractControl.update(F)V (14 bytes) @ 0x0000000003524f48 [0x0000000003524f00+0x48]
J 2661 C2 com.jme3.scene.Node.updateLogicalState(F)V (55 bytes) @ 0x000000000356972c [0x0000000003569660+0xcc]
J 2661 C2 com.jme3.scene.Node.updateLogicalState(F)V (55 bytes) @ 0x00000000035697dc [0x0000000003569660+0x17c]
j  com.jme3.app.SimpleApplication.update()V+109
j  com.jme3.system.lwjgl.LwjglAbstractDisplay.runLoop()V+22
j  com.jme3.system.lwjgl.LwjglDisplay.runLoop()V+104
j  com.jme3.system.lwjgl.LwjglAbstractDisplay.run()V+136
j  java.lang.Thread.run()V+11
v  ~StubRoutines::call_stub

---------------  P R O C E S S  ---------------

Java Threads: ( => current thread )
  0x000000002bfd5800 JavaThread "AWT-Windows" daemon [_thread_in_native, id=10572, stack(0x000000002d7d0000,0x000000002d8d0000)]
  0x000000001f781000 JavaThread "Java2D Disposer" daemon [_thread_blocked, id=10004, stack(0x000000002be00000,0x000000002bf00000)]
  0x000000001f74b800 JavaThread "jME3 Audio Decoder" daemon [_thread_blocked, id=10116, stack(0x000000002bbc0000,0x000000002bcc0000)]
  0x000000001f498800 JavaThread "Thread-3" daemon [_thread_in_native, id=11072, stack(0x000000002b370000,0x000000002b470000)]
  0x0000000002be2800 JavaThread "DestroyJavaVM" [_thread_blocked, id=12384, stack(0x0000000002ad0000,0x0000000002bd0000)]
=>0x000000001f26f000 JavaThread "jME3 Main" [_thread_in_native, id=6844, stack(0x000000001f9f0000,0x000000001faf0000)]
  0x000000001e4dc800 JavaThread "Service Thread" daemon [_thread_blocked, id=1732, stack(0x000000001eff0000,0x000000001f0f0000)]
  0x000000001e437800 JavaThread "C1 CompilerThread3" daemon [_thread_blocked, id=9376, stack(0x000000001eef0000,0x000000001eff0000)]
  0x000000001e430000 JavaThread "C2 CompilerThread2" daemon [_thread_blocked, id=9480, stack(0x000000001edf0000,0x000000001eef0000)]
  0x000000001e42e800 JavaThread "C2 CompilerThread1" daemon [_thread_blocked, id=3032, stack(0x000000001ecf0000,0x000000001edf0000)]
  0x000000001e42b800 JavaThread "C2 CompilerThread0" daemon [_thread_blocked, id=8728, stack(0x000000001ebf0000,0x000000001ecf0000)]
  0x000000001e429800 JavaThread "Attach Listener" daemon [_thread_blocked, id=10092, stack(0x000000001eaf0000,0x000000001ebf0000)]
  0x000000001e428800 JavaThread "Signal Dispatcher" daemon [_thread_blocked, id=15444, stack(0x000000001e9f0000,0x000000001eaf0000)]
  0x000000001e420800 JavaThread "Finalizer" daemon [_thread_blocked, id=15108, stack(0x000000001e800000,0x000000001e900000)]
  0x000000001c51d000 JavaThread "Reference Handler" daemon [_thread_blocked, id=3832, stack(0x000000001e300000,0x000000001e400000)]

Other Threads:
  0x000000001c519000 VMThread [stack: 0x000000001e200000,0x000000001e300000] [id=15656]
  0x000000001e453800 WatcherThread [stack: 0x000000001f0f0000,0x000000001f1f0000] [id=6736]

VM state:not at safepoint (normal execution)

VM Mutex/Monitor currently owned by a thread: None

Heap:
 PSYoungGen      total 75264K, used 13440K [0x000000076c800000, 0x0000000771c00000, 0x00000007c0000000)
  eden space 64512K, 20% used [0x000000076c800000,0x000000076d520220,0x0000000770700000)
  from space 10752K, 0% used [0x0000000770700000,0x0000000770700000,0x0000000771180000)
  to   space 10752K, 0% used [0x0000000771180000,0x0000000771180000,0x0000000771c00000)
 ParOldGen       total 172032K, used 11813K [0x00000006c5800000, 0x00000006d0000000, 0x000000076c800000)
  object space 172032K, 6% used [0x00000006c5800000,0x00000006c63895b8,0x00000006d0000000)
 Metaspace       used 17058K, capacity 17369K, committed 17664K, reserved 1064960K
  class space    used 1674K, capacity 1745K, committed 1792K, reserved 1048576K

Card table byte_map: [0x00000000120a0000,0x0000000012880000] byte_map_base: 0x000000000ea74000

Marking Bits: (ParMarkBitMap*) 0x000000006028f860
 Begin Bits: [0x00000000135c0000, 0x0000000017460000)
 End Bits:   [0x0000000017460000, 0x000000001b300000)

Polling page: 0x0000000000ce0000

CodeCache: size=245760Kb used=9216Kb max_used=9216Kb free=236543Kb
 bounds [0x0000000002ce0000, 0x00000000035f0000, 0x0000000011ce0000]
 total_blobs=3468 nmethods=2801 adapters=579
 compilation: enabled

Compilation events (10 events):
Event: 7.507 Thread 0x000000001e437800 2797       3       com.jme3.math.Vector3f::lengthSquared (30 bytes)
Event: 7.507 Thread 0x000000001e437800 nmethod 2797 0x00000000035dce50 code [0x00000000035dcfa0, 0x00000000035dd130]
Event: 7.507 Thread 0x000000001e437800 2798       3       com.jme3.math.Vector3f::length (8 bytes)
Event: 7.507 Thread 0x000000001e437800 nmethod 2798 0x00000000035dc950 code [0x00000000035dcac0, 0x00000000035dcd90]
Event: 7.507 Thread 0x000000001e437800 2801       3       com.jme3.math.FastMath::nextRandomFloat (7 bytes)
Event: 7.507 Thread 0x000000001e437800 nmethod 2801 0x00000000035dc410 code [0x00000000035dc5a0, 0x00000000035dc888]
Event: 7.507 Thread 0x000000001e437800 2802       3       java.util.Random::nextFloat (11 bytes)
Event: 7.508 Thread 0x000000001e437800 nmethod 2802 0x00000000035dbfd0 code [0x00000000035dc160, 0x00000000035dc388]
Event: 7.508 Thread 0x000000001e437800 2803       3       java.util.Random::next (47 bytes)
Event: 7.508 Thread 0x000000001e437800 nmethod 2803 0x00000000035db8d0 code [0x00000000035dba40, 0x00000000035dbe50]

GC Heap History (8 events):
Event: 1.855 GC heap before
{Heap before GC invocations=1 (full 0):
 PSYoungGen      total 75264K, used 64402K [0x000000076c800000, 0x0000000771c00000, 0x00000007c0000000)
  eden space 64512K, 99% used [0x000000076c800000,0x00000007706e4950,0x0000000770700000)
  from space 10752K, 0% used [0x0000000771180000,0x0000000771180000,0x0000000771c00000)
  to   space 10752K, 0% used [0x0000000770700000,0x0000000770700000,0x0000000771180000)
 ParOldGen       total 172032K, used 0K [0x00000006c5800000, 0x00000006d0000000, 0x000000076c800000)
  object space 172032K, 0% used [0x00000006c5800000,0x00000006c5800000,0x00000006d0000000)
 Metaspace       used 14912K, capacity 15081K, committed 15488K, reserved 1062912K
  class space    used 1509K, capacity 1577K, committed 1664K, reserved 1048576K
Event: 1.866 GC heap after
Heap after GC invocations=1 (full 0):
 PSYoungGen      total 75264K, used 6733K [0x000000076c800000, 0x0000000771c00000, 0x00000007c0000000)
  eden space 64512K, 0% used [0x000000076c800000,0x000000076c800000,0x0000000770700000)
  from space 10752K, 62% used [0x0000000770700000,0x0000000770d936e0,0x0000000771180000)
  to   space 10752K, 0% used [0x0000000771180000,0x0000000771180000,0x0000000771c00000)
 ParOldGen       total 172032K, used 24K [0x00000006c5800000, 0x00000006d0000000, 0x000000076c800000)
  object space 172032K, 0% used [0x00000006c5800000,0x00000006c5806000,0x00000006d0000000)
 Metaspace       used 14912K, capacity 15081K, committed 15488K, reserved 1062912K
  class space    used 1509K, capacity 1577K, committed 1664K, reserved 1048576K
}
Event: 2.338 GC heap before
{Heap before GC invocations=2 (full 0):
 PSYoungGen      total 75264K, used 71245K [0x000000076c800000, 0x0000000771c00000, 0x00000007c0000000)
  eden space 64512K, 100% used [0x000000076c800000,0x0000000770700000,0x0000000770700000)
  from space 10752K, 62% used [0x0000000770700000,0x0000000770d936e0,0x0000000771180000)
  to   space 10752K, 0% used [0x0000000771180000,0x0000000771180000,0x0000000771c00000)
 ParOldGen       total 172032K, used 24K [0x00000006c5800000, 0x00000006d0000000, 0x000000076c800000)
  object space 172032K, 0% used [0x00000006c5800000,0x00000006c5806000,0x00000006d0000000)
 Metaspace       used 16320K, capacity 16571K, committed 16896K, reserved 1064960K
  class space    used 1647K, capacity 1740K, committed 1792K, reserved 1048576K
Event: 2.344 GC heap after
Heap after GC invocations=2 (full 0):
 PSYoungGen      total 75264K, used 10311K [0x000000076c800000, 0x0000000771c00000, 0x00000007c0000000)
  eden space 64512K, 0% used [0x000000076c800000,0x000000076c800000,0x0000000770700000)
  from space 10752K, 95% used [0x0000000771180000,0x0000000771b91c80,0x0000000771c00000)
  to   space 10752K, 0% used [0x0000000770700000,0x0000000770700000,0x0000000771180000)
 ParOldGen       total 172032K, used 32K [0x00000006c5800000, 0x00000006d0000000, 0x000000076c800000)
  object space 172032K, 0% used [0x00000006c5800000,0x00000006c5808000,0x00000006d0000000)
 Metaspace       used 16320K, capacity 16571K, committed 16896K, reserved 1064960K
  class space    used 1647K, capacity 1740K, committed 1792K, reserved 1048576K
}
Event: 3.585 GC heap before
{Heap before GC invocations=3 (full 0):
 PSYoungGen      total 75264K, used 17901K [0x000000076c800000, 0x0000000771c00000, 0x00000007c0000000)
  eden space 64512K, 11% used [0x000000076c800000,0x000000076cf69a10,0x0000000770700000)
  from space 10752K, 95% used [0x0000000771180000,0x0000000771b91c80,0x0000000771c00000)
  to   space 10752K, 0% used [0x0000000770700000,0x0000000770700000,0x0000000771180000)
 ParOldGen       total 172032K, used 32K [0x00000006c5800000, 0x00000006d0000000, 0x000000076c800000)
  object space 172032K, 0% used [0x00000006c5800000,0x00000006c5808000,0x00000006d0000000)
 Metaspace       used 16736K, capacity 17025K, committed 17152K, reserved 1064960K
  class space    used 1664K, capacity 1741K, committed 1792K, reserved 1048576K
Event: 3.591 GC heap after
Heap after GC invocations=3 (full 0):
 PSYoungGen      total 75264K, used 10738K [0x000000076c800000, 0x0000000771c00000, 0x00000007c0000000)
  eden space 64512K, 0% used [0x000000076c800000,0x000000076c800000,0x0000000770700000)
  from space 10752K, 99% used [0x0000000770700000,0x000000077117cac8,0x0000000771180000)
  to   space 10752K, 0% used [0x0000000771180000,0x0000000771180000,0x0000000771c00000)
 ParOldGen       total 172032K, used 1395K [0x00000006c5800000, 0x00000006d0000000, 0x000000076c800000)
  object space 172032K, 0% used [0x00000006c5800000,0x00000006c595cef0,0x00000006d0000000)
 Metaspace       used 16736K, capacity 17025K, committed 17152K, reserved 1064960K
  class space    used 1664K, capacity 1741K, committed 1792K, reserved 1048576K
}
Event: 3.591 GC heap before
{Heap before GC invocations=4 (full 1):
 PSYoungGen      total 75264K, used 10738K [0x000000076c800000, 0x0000000771c00000, 0x00000007c0000000)
  eden space 64512K, 0% used [0x000000076c800000,0x000000076c800000,0x0000000770700000)
  from space 10752K, 99% used [0x0000000770700000,0x000000077117cac8,0x0000000771180000)
  to   space 10752K, 0% used [0x0000000771180000,0x0000000771180000,0x0000000771c00000)
 ParOldGen       total 172032K, used 1395K [0x00000006c5800000, 0x00000006d0000000, 0x000000076c800000)
  object space 172032K, 0% used [0x00000006c5800000,0x00000006c595cef0,0x00000006d0000000)
 Metaspace       used 16736K, capacity 17025K, committed 17152K, reserved 1064960K
  class space    used 1664K, capacity 1741K, committed 1792K, reserved 1048576K
Event: 3.631 GC heap after
Heap after GC invocations=4 (full 1):
 PSYoungGen      total 75264K, used 0K [0x000000076c800000, 0x0000000771c00000, 0x00000007c0000000)
  eden space 64512K, 0% used [0x000000076c800000,0x000000076c800000,0x0000000770700000)
  from space 10752K, 0% used [0x0000000770700000,0x0000000770700000,0x0000000771180000)
  to   space 10752K, 0% used [0x0000000771180000,0x0000000771180000,0x0000000771c00000)
 ParOldGen       total 172032K, used 11813K [0x00000006c5800000, 0x00000006d0000000, 0x000000076c800000)
  object space 172032K, 6% used [0x00000006c5800000,0x00000006c63895b8,0x00000006d0000000)
 Metaspace       used 16736K, capacity 17025K, committed 17152K, reserved 1064960K
  class space    used 1664K, capacity 1741K, committed 1792K, reserved 1048576K
}

Deoptimization events (10 events):
Event: 5.037 Thread 0x000000001f26f000 Uncommon trap: reason=null_check action=make_not_entrant pc=0x00000000033cda98 method=com.jme3.math.Matrix4f.equals(Ljava/lang/Object;)Z @ 1
Event: 5.037 Thread 0x000000001f26f000 Uncommon trap: reason=null_check action=make_not_entrant pc=0x00000000034aa0c8 method=com.jme3.shader.Shader.getUniform(Ljava/lang/String;)Lcom/jme3/shader/Uniform; @ 40
Event: 5.041 Thread 0x000000001f26f000 Uncommon trap: reason=null_check action=make_not_entrant pc=0x00000000033c3e50 method=com.jme3.shader.Shader.getUniform(Ljava/lang/String;)Lcom/jme3/shader/Uniform; @ 40
Event: 5.041 Thread 0x000000001f26f000 Uncommon trap: reason=unstable_if action=reinterpret pc=0x00000000034f9b60 method=com.jme3.renderer.opengl.GLRenderer.setShader(Lcom/jme3/shader/Shader;)V @ 19
Event: 5.049 Thread 0x000000001f26f000 Uncommon trap: reason=unstable_if action=reinterpret pc=0x00000000033ebcc8 method=com.jme3.renderer.opengl.GLRenderer.updateUniform(Lcom/jme3/shader/Shader;Lcom/jme3/shader/Uniform;)V @ 69
Event: 5.049 Thread 0x000000001f26f000 Uncommon trap: reason=null_check action=make_not_entrant pc=0x00000000033f0f7c method=com.jme3.shader.Shader.getAttribute(Lcom/jme3/scene/VertexBuffer$Type;)Lcom/jme3/shader/Attribute; @ 13
Event: 5.049 Thread 0x000000001f26f000 Uncommon trap: reason=null_check action=make_not_entrant pc=0x00000000033e7534 method=com.jme3.shader.Shader.getAttribute(Lcom/jme3/scene/VertexBuffer$Type;)Lcom/jme3/shader/Attribute; @ 13
Event: 5.402 Thread 0x000000001f26f000 Uncommon trap: reason=unstable_if action=reinterpret pc=0x000000000342af3c method=com.jme3.animation.Bone.blendAnimTransforms(Lcom/jme3/math/Vector3f;Lcom/jme3/math/Quaternion;Lcom/jme3/math/Vector3f;F)V @ 22
Event: 5.868 Thread 0x000000001f26f000 Uncommon trap: reason=unstable_if action=reinterpret pc=0x000000000356dafc method=com.jme3.animation.BoneTrack.setTime(FFLcom/jme3/animation/AnimControl;Lcom/jme3/animation/AnimChannel;Lcom/jme3/util/TempVars;)V @ 214
Event: 7.437 Thread 0x000000001f26f000 Uncommon trap: reason=unstable_if action=reinterpret pc=0x0000000003594c60 method=com.jme3.math.Quaternion.nlerp(Lcom/jme3/math/Quaternion;F)V @ 14

Classes redefined (0 events):
No events

Internal exceptions (10 events):
Event: 1.262 Thread 0x000000001f26f000 Exception <a 'java/io/FileNotFoundException'> (0x000000076e1ce790) thrown at [C:\re\workspace\8-2-build-windows-amd64-cygwin\jdk8u161\10277\hotspot\src\share\vm\prims\jni.cpp, line 709]
Event: 1.612 Thread 0x000000001f26f000 Exception <a 'java/lang/NoSuchMethodError': <clinit>> (0x000000076f85e7c8) thrown at [C:\re\workspace\8-2-build-windows-amd64-cygwin\jdk8u161\10277\hotspot\src\share\vm\prims\jni.cpp, line 1613]
Event: 2.428 Thread 0x000000001f26f000 Implicit null exception at 0x000000000329454c to 0x000000000329459d
Event: 3.774 Thread 0x000000001f26f000 Implicit null exception at 0x000000000341e860 to 0x000000000341f2ed
Event: 3.774 Thread 0x000000001f26f000 Implicit null exception at 0x00000000033e9966 to 0x00000000033e9b8d
Event: 5.036 Thread 0x000000001f26f000 Implicit null exception at 0x000000000350b94c to 0x000000000350f616
Event: 5.037 Thread 0x000000001f26f000 Implicit null exception at 0x00000000033cbfdc to 0x00000000033cda75
Event: 5.037 Thread 0x000000001f26f000 Implicit null exception at 0x00000000034a9aaf to 0x00000000034aa09a
Event: 5.041 Thread 0x000000001f26f000 Implicit null exception at 0x00000000033c3ad7 to 0x00000000033c3e3f
Event: 7.508 Thread 0x000000001f26f000 Exception <a 'java/lang/NullPointerException': > (0x000000076d41a3a8) thrown at [C:\re\workspace\8-2-build-windows-amd64-cygwin\jdk8u161\10277\hotspot\src\share\vm\prims\jni.cpp, line 735]

Events (10 events):
Event: 6.219 loading class com/jme3/collision/bih/BIHNode$BIHStackData done
Event: 7.437 Thread 0x000000001f26f000 Uncommon trap: trap_request=0xffffff65 fr.pc=0x0000000003594c60
Event: 7.437 Thread 0x000000001f26f000 DEOPT PACKING pc=0x0000000003594c60 sp=0x000000001faeeb90
Event: 7.437 Thread 0x000000001f26f000 DEOPT UNPACKING pc=0x0000000002d2583b sp=0x000000001faeea68 mode 2
Event: 7.504 loading class com/bruynhuis/galago/control/SpatialLifeControl
Event: 7.504 loading class com/bruynhuis/galago/control/SpatialLifeControl done
Event: 7.505 loading class com/bruynhuis/galago/sprite/AnimatedSprite
Event: 7.505 loading class com/bruynhuis/galago/sprite/AnimatedSprite done
Event: 7.507 loading class com/bruynhuis/galago/util/Debug
Event: 7.507 loading class com/bruynhuis/galago/util/Debug done


Dynamic libraries:
0x00007ff73b510000 - 0x00007ff73b547000 	C:\Program Files\Java\jdk1.8.0_161\bin\java.exe
0x00007ff8463b0000 - 0x00007ff846591000 	C:\WINDOWS\SYSTEM32\ntdll.dll
0x00007ff843840000 - 0x00007ff8438f1000 	C:\WINDOWS\System32\KERNEL32.DLL
0x00007ff842aa0000 - 0x00007ff842d13000 	C:\WINDOWS\System32\KERNELBASE.dll
0x00007ff845cf0000 - 0x00007ff845d91000 	C:\WINDOWS\System32\ADVAPI32.dll
0x00007ff845340000 - 0x00007ff8453de000 	C:\WINDOWS\System32\msvcrt.dll
0x00007ff845e00000 - 0x00007ff845e5b000 	C:\WINDOWS\System32\sechost.dll
0x00007ff845bc0000 - 0x00007ff845ce4000 	C:\WINDOWS\System32\RPCRT4.dll
0x00007ff845e60000 - 0x00007ff845ff0000 	C:\WINDOWS\System32\USER32.dll
0x00007ff842780000 - 0x00007ff8427a0000 	C:\WINDOWS\System32\win32u.dll
0x00007ff845410000 - 0x00007ff845438000 	C:\WINDOWS\System32\GDI32.dll
0x00007ff842900000 - 0x00007ff842a92000 	C:\WINDOWS\System32\gdi32full.dll
0x00007ff8435b0000 - 0x00007ff84364f000 	C:\WINDOWS\System32\msvcp_win.dll
0x00007ff8434b0000 - 0x00007ff8435a8000 	C:\WINDOWS\System32\ucrtbase.dll
0x00007ff8415f0000 - 0x00007ff841859000 	C:\WINDOWS\WinSxS\amd64_microsoft.windows.common-controls_6595b64144ccf1df_6.0.17134.706_none_fb43a2cb30647007\COMCTL32.dll
0x00007ff845890000 - 0x00007ff845bb2000 	C:\WINDOWS\System32\combase.dll
0x00007ff842d20000 - 0x00007ff842d9a000 	C:\WINDOWS\System32\bcryptPrimitives.dll
0x00007ff8453e0000 - 0x00007ff84540d000 	C:\WINDOWS\System32\IMM32.DLL
0x0000000060310000 - 0x00000000603e2000 	C:\Program Files\Java\jdk1.8.0_161\jre\bin\msvcr100.dll
0x000000005fa70000 - 0x000000006030f000 	C:\Program Files\Java\jdk1.8.0_161\jre\bin\server\jvm.dll
0x00007ff845320000 - 0x00007ff845328000 	C:\WINDOWS\System32\PSAPI.DLL
0x00007ff836b10000 - 0x00007ff836b19000 	C:\WINDOWS\SYSTEM32\WSOCK32.dll
0x00007ff838c90000 - 0x00007ff838cb3000 	C:\WINDOWS\SYSTEM32\WINMM.dll
0x00007ff83c4b0000 - 0x00007ff83c4ba000 	C:\WINDOWS\SYSTEM32\VERSION.dll
0x00007ff846250000 - 0x00007ff8462bc000 	C:\WINDOWS\System32\WS2_32.dll
0x00007ff8389c0000 - 0x00007ff8389ea000 	C:\WINDOWS\SYSTEM32\winmmbase.dll
0x00007ff8427a0000 - 0x00007ff8427e9000 	C:\WINDOWS\System32\cfgmgr32.dll
0x000000005fa20000 - 0x000000005fa2f000 	C:\Program Files\Java\jdk1.8.0_161\jre\bin\verify.dll
0x000000005f9f0000 - 0x000000005fa19000 	C:\Program Files\Java\jdk1.8.0_161\jre\bin\java.dll
0x000000005f9d0000 - 0x000000005f9e6000 	C:\Program Files\Java\jdk1.8.0_161\jre\bin\zip.dll
0x00007ff843a30000 - 0x00007ff844e70000 	C:\WINDOWS\System32\SHELL32.dll
0x00007ff8462c0000 - 0x00007ff846369000 	C:\WINDOWS\System32\shcore.dll
0x00007ff842da0000 - 0x00007ff8434ad000 	C:\WINDOWS\System32\windows.storage.dll
0x00007ff8452c0000 - 0x00007ff845311000 	C:\WINDOWS\System32\shlwapi.dll
0x00007ff842760000 - 0x00007ff842771000 	C:\WINDOWS\System32\kernel.appcore.dll
0x00007ff8426d0000 - 0x00007ff8426ef000 	C:\WINDOWS\System32\profapi.dll
0x00007ff8426f0000 - 0x00007ff84273c000 	C:\WINDOWS\System32\powrprof.dll
0x00007ff8426c0000 - 0x00007ff8426ca000 	C:\WINDOWS\System32\FLTLIB.DLL
0x00007ff826470000 - 0x00007ff826642000 	C:\gitwork\LudumDare44\LD44Game\bulletjme.dll
0x0000000180000000 - 0x0000000180064000 	C:\gitwork\LudumDare44\LD44Game\OpenAL64.dll
0x00007ff845440000 - 0x00007ff845591000 	C:\WINDOWS\System32\ole32.dll
0x0000000002aa0000 - 0x0000000002ab6000 	C:\gitwork\LudumDare44\LD44Game\jinput-dx8_64.dll
0x00007ff836030000 - 0x00007ff836073000 	C:\WINDOWS\SYSTEM32\DINPUT8.dll
0x00007ff82d6c0000 - 0x00007ff82d739000 	C:\WINDOWS\SYSTEM32\inputhost.dll
0x00007ff840490000 - 0x00007ff84056a000 	C:\WINDOWS\SYSTEM32\CoreMessaging.dll
0x00007ff83e870000 - 0x00007ff83e9bd000 	C:\WINDOWS\SYSTEM32\wintypes.dll
0x00007ff82d290000 - 0x00007ff82d5ae000 	C:\WINDOWS\SYSTEM32\CoreUIComponents.dll
0x00007ff841270000 - 0x00007ff8412a1000 	C:\WINDOWS\SYSTEM32\ntmarta.dll
0x000000001fb70000 - 0x000000001fbc3000 	C:\gitwork\LudumDare44\LD44Game\lwjgl64.dll
0x00007ff834500000 - 0x00007ff834620000 	C:\WINDOWS\SYSTEM32\OPENGL32.dll
0x00007ff833f60000 - 0x00007ff833f8c000 	C:\WINDOWS\SYSTEM32\GLU32.dll
0x00007ff840920000 - 0x00007ff8409b8000 	C:\WINDOWS\system32\uxtheme.dll
0x00007ff8455a0000 - 0x00007ff845713000 	C:\WINDOWS\System32\MSCTF.dll
0x00007ff843900000 - 0x00007ff8439c2000 	C:\WINDOWS\System32\OLEAUT32.dll
0x00007ff840aa0000 - 0x00007ff840ac9000 	C:\WINDOWS\system32\dwmapi.dll
0x00007ffff7710000 - 0x00007ffff85fe000 	C:\WINDOWS\System32\DriverStore\FileRepository\ki 129523.inf_amd64_32947eecf8f3e231\ig9icd64.dll
0x00007ff841330000 - 0x00007ff8413eb000 	C:\WINDOWS\SYSTEM32\dxgi.dll
0x00007ff82d620000 - 0x00007ff82d6b6000 	C:\WINDOWS\System32\TextInputFramework.dll
0x00007ff82be50000 - 0x00007ff82bef8000 	C:\WINDOWS\SYSTEM32\mscms.dll
0x00007ff82be40000 - 0x00007ff82be50000 	C:\WINDOWS\SYSTEM32\ColorAdapterClient.dll
0x00007ff8425c0000 - 0x00007ff8425e8000 	C:\WINDOWS\SYSTEM32\USERENV.dll
0x00007ff833870000 - 0x00007ff8338b3000 	C:\WINDOWS\SYSTEM32\icm32.dll
0x00007ff8288c0000 - 0x00007ff82a7c1000 	C:\WINDOWS\System32\DriverStore\FileRepository\ki 129523.inf_amd64_32947eecf8f3e231\igc64.dll
0x000000005f7f0000 - 0x000000005f988000 	C:\Program Files\Java\jdk1.8.0_161\jre\bin\awt.dll
0x00007ff840690000 - 0x00007ff84071b000 	C:\WINDOWS\SYSTEM32\apphelp.dll
0x00007ff841040000 - 0x00007ff84104c000 	C:\WINDOWS\SYSTEM32\HID.DLL
0x00007ff844e70000 - 0x00007ff8452bb000 	C:\WINDOWS\System32\SETUPAPI.DLL
0x00007ff8424d0000 - 0x00007ff8424f7000 	C:\WINDOWS\SYSTEM32\DEVOBJ.dll
0x00007ff8428a0000 - 0x00007ff8428f7000 	C:\WINDOWS\System32\WINTRUST.dll
0x00007ff842740000 - 0x00007ff842752000 	C:\WINDOWS\System32\MSASN1.dll
0x00007ff843650000 - 0x00007ff843832000 	C:\WINDOWS\System32\CRYPT32.dll
0x0000000020940000 - 0x0000000020954000 	C:\gitwork\LudumDare44\LD44Game\jinput-raw_64.dll
0x00007ff8461b0000 - 0x00007ff846250000 	C:\WINDOWS\System32\clbcatq.dll
0x00007ff83b7d0000 - 0x00007ff83b846000 	C:\WINDOWS\System32\MMDevApi.dll
0x00007ff83c010000 - 0x00007ff83c1c4000 	C:\WINDOWS\System32\PROPSYS.dll
0x00007ff811bc0000 - 0x00007ff811c4f000 	C:\WINDOWS\SYSTEM32\dsound.dll
0x00007ff838ce0000 - 0x00007ff838e0c000 	C:\WINDOWS\SYSTEM32\AUDIOSES.DLL
0x00007ff83e690000 - 0x00007ff83e69a000 	C:\WINDOWS\SYSTEM32\AVRT.dll
0x00007ff842090000 - 0x00007ff8420a7000 	C:\WINDOWS\SYSTEM32\CRYPTSP.dll
0x00007ff841ac0000 - 0x00007ff841af3000 	C:\WINDOWS\system32\rsaenh.dll
0x00007ff8421c0000 - 0x00007ff8421e5000 	C:\WINDOWS\SYSTEM32\bcrypt.dll
0x00007ff8420b0000 - 0x00007ff8420bb000 	C:\WINDOWS\SYSTEM32\CRYPTBASE.dll
0x000000005f9b0000 - 0x000000005f9ca000 	C:\Program Files\Java\jdk1.8.0_161\jre\bin\net.dll
0x00007ff841ee0000 - 0x00007ff841f46000 	C:\WINDOWS\system32\mswsock.dll
0x00007ff841c60000 - 0x00007ff841c98000 	C:\WINDOWS\SYSTEM32\IPHLPAPI.DLL
0x00007ff845330000 - 0x00007ff845338000 	C:\WINDOWS\System32\NSI.dll
0x00007ff83ed90000 - 0x00007ff83eda6000 	C:\WINDOWS\SYSTEM32\dhcpcsvc6.DLL
0x00007ff83ed70000 - 0x00007ff83ed8a000 	C:\WINDOWS\SYSTEM32\dhcpcsvc.DLL
0x000000005f990000 - 0x000000005f9a1000 	C:\Program Files\Java\jdk1.8.0_161\jre\bin\nio.dll
0x000000005f7a0000 - 0x000000005f7e7000 	C:\Program Files\Java\jdk1.8.0_161\jre\bin\fontmanager.dll
0x000000005f750000 - 0x000000005f792000 	C:\Program Files\Java\jdk1.8.0_161\jre\bin\t2k.dll
0x000000005f720000 - 0x000000005f74a000 	C:\Program Files\Java\jdk1.8.0_161\jre\bin\dcpr.dll
0x00007ff839690000 - 0x00007ff839859000 	C:\WINDOWS\SYSTEM32\dbghelp.dll

VM Arguments:
jvm_args: -Dfile.encoding=UTF-8 
java_command: za.co.bruynhuis.ld44.MainApplication
java_class_path (initial): C:\Backups\Development\jME3.2\jME3.2.3-stable\lib\j-ogg-all.jar;C:\Backups\Development\jME3.2\jME3.2.3-stable\lib\jme3-jogg.jar;C:\Backups\Development\jME3.2\jME3.2.3-stable\lib\jme3-networking.jar;C:\Backups\Development\jME3.2\jME3.2.3-stable\lib\gson.jar;C:\Backups\Development\jME3.2\jME3.2.3-stable\lib\jme3-plugins.jar;C:\Backups\Development\jME3.2\jME3.2.3-stable\lib\jme3-core.jar;C:\Backups\Development\jME3.2\jME3.2.3-stable\lib\jme3-desktop.jar;C:\Backups\Development\jME3.2\jME3.2.3-stable\lib\jinput-platform-natives-linux.jar;C:\Backups\Development\jME3.2\jME3.2.3-stable\lib\jinput-platform-natives-osx.jar;C:\Backups\Development\jME3.2\jME3.2.3-stable\lib\jinput-platform-natives-windows.jar;C:\Backups\Development\jME3.2\jME3.2.3-stable\lib\jinput.jar;C:\Backups\Development\jME3.2\jME3.2.3-stable\lib\jme3-lwjgl.jar;C:\Backups\Development\jME3.2\jME3.2.3-stable\lib\jutils.jar;C:\Backups\Development\jME3.2\jME3.2.3-stable\lib\lwjgl-platform-natives-linux.jar;C:\Backups\Development\jME3.2\jME3.2.3-stable\lib\lwjgl-platform-natives-osx.jar;C:\Backups\Development\jME3.2\jME3.2.3-stable\lib\lwjgl-platform-natives-windows.jar;C:\Backups\Development\jME3.2\jME3.2.3-stable\lib\lwjgl.jar;C:\Backups\Development\jME3.2\jME3.2.3-stable\lib\jme3-effects.jar;C:\Backups\Development\jME3.2\jME3.2.3-stable\lib\jme3-terrain.jar;C:\Backups\Development\jME3.2\jME3.2.3-stable\opt\native-bullet\jme3-bullet.jar;C:\Backups\Development\jME3.2\jME3.2.3-stable\opt\native-bullet\jme3-bullet-native.jar;C:\gitwork\galago\Galago\build\classes;C:\gitwork\galago\Galago\libs\tween-engine-api.jar;C:\gitwork\LudumDare44\LD44Game\build\classes;C:\gitwork\LudumDare44\LD44Game\assets
Launcher Type: SUN_STANDARD

Environment Variables:
JAVA_HOME=C:\Program Files\Java\jdk1.8.0_161
PATH=C:\Program Files (x86)\Common Files\Oracle\Java\javapath;C:\ProgramData\Oracle\Java\javapath;C:\WINDOWS\system32;C:\WINDOWS;C:\WINDOWS\System32\Wbem;C:\WINDOWS\System32\WindowsPowerShell\v1.0\;C:\Program Files\Git\cmd;C:\Program Files\nodejs\;C:\ProgramData\chocolatey\bin;C:\Program Files\PuTTY\;C:\Program Files\dotnet\;C:\WINDOWS\System32\OpenSSH\;C:\Users\nidebruyn\AppData\Local\Microsoft\WindowsApps;C:\Users\nidebruyn\AppData\Local\atom\bin;C:\Users\nidebruyn\AppData\Local\GitHubDesktop\bin;C:\Users\nidebruyn\AppData\Roaming\npm;C:\Users\nidebruyn\AppData\Local\Microsoft\WindowsApps;;C:\Program Files\Microsoft VS Code\bin
USERNAME=NideBruyn
OS=Windows_NT
PROCESSOR_IDENTIFIER=Intel64 Family 6 Model 158 Stepping 9, GenuineIntel



---------------  S Y S T E M  ---------------

OS: Windows 10.0 , 64 bit Build 17134 (10.0.17134.706)

CPU:total 8 (initial active 8) (4 cores per cpu, 2 threads per core) family 6 model 158 stepping 9, cmov, cx8, fxsr, mmx, sse, sse2, sse3, ssse3, sse4.1, sse4.2, popcnt, avx, avx2, aes, clmul, erms, rtm, 3dnowpref, lzcnt, ht, tsc, tscinvbit, bmi1, bmi2, adx

Memory: 4k page, physical 16409216k(9428592k free), swap 18899584k(11145572k free)

vm_info: Java HotSpot(TM) 64-Bit Server VM (25.161-b12) for windows-amd64 JRE (1.8.0_161-b12), built on Dec 19 2017 17:52:25 by "java_re" with MS VC++ 10.0 (VS2010)

time: Mon Apr 29 18:13:12 2019
elapsed time: 7 seconds (0d 0h 0m 7s)

